<?xml version="1.0" encoding="UTF-8"?>
<!-- Generated by org.testng.reporters.JUnitReportReporter -->
<testsuite skipped="0" hostname="Ramesh" name="com.crm.qa.TestCases.LoginTest" tests="3" failures="0" timestamp="12 Feb 2019 04:05:56 GMT" time="47.839" errors="0">
  <testcase name="pagetitle" time="14.045" classname="com.crm.qa.TestCases.LoginTest"/>
  <testcase name="CRMImage" time="14.485" classname="com.crm.qa.TestCases.LoginTest"/>
  <testcase name="LoginTest1" time="19.309" classname="com.crm.qa.TestCases.LoginTest"/>
</testsuite> <!-- com.crm.qa.TestCases.LoginTest -->
