<?xml version="1.0" encoding="UTF-8"?>
<!-- Generated by org.testng.reporters.JUnitReportReporter -->
<testsuite skipped="0" hostname="Ramesh" name="com.crm.qa.TestCases.LoginTest" tests="3" failures="0" timestamp="12 Feb 2019 04:11:17 GMT" time="39.727" errors="0">
  <testcase name="pagetitle" time="11.612" classname="com.crm.qa.TestCases.LoginTest"/>
  <testcase name="CRMImage" time="10.382" classname="com.crm.qa.TestCases.LoginTest"/>
  <testcase name="LoginTest1" time="17.733" classname="com.crm.qa.TestCases.LoginTest"/>
</testsuite> <!-- com.crm.qa.TestCases.LoginTest -->
